<?xml version="1.0" encoding="UTF-8"?>
<testsuite name="com.main.BabystepsApplicationTests" tests="1" skipped="0" failures="0" errors="0" timestamp="2023-01-17T05:41:02" hostname="DESKTOP-DOGVPUB" time="0.076">
  <properties/>
  <testcase name="contextLoads()" classname="com.main.BabystepsApplicationTests" time="0.076"/>
  <system-out><![CDATA[14:40:56.370 [Test worker] DEBUG org.springframework.test.context.BootstrapUtils - Instantiating CacheAwareContextLoaderDelegate from class [org.springframework.test.context.cache.DefaultCacheAwareContextLoaderDelegate]
14:40:56.383 [Test worker] DEBUG org.springframework.test.context.BootstrapUtils - Instantiating BootstrapContext using constructor [public org.springframework.test.context.support.DefaultBootstrapContext(java.lang.Class,org.springframework.test.context.CacheAwareContextLoaderDelegate)]
14:40:56.415 [Test worker] DEBUG org.springframework.test.context.BootstrapUtils - Instantiating TestContextBootstrapper for test class [com.main.BabystepsApplicationTests] from class [org.springframework.boot.test.context.SpringBootTestContextBootstrapper]
14:40:56.433 [Test worker] INFO org.springframework.boot.test.context.SpringBootTestContextBootstrapper - Neither @ContextConfiguration nor @ContextHierarchy found for test class [com.main.BabystepsApplicationTests], using SpringBootContextLoader
14:40:56.437 [Test worker] DEBUG org.springframework.test.context.support.AbstractContextLoader - Did not detect default resource location for test class [com.main.BabystepsApplicationTests]: class path resource [com/main/BabystepsApplicationTests-context.xml] does not exist
14:40:56.437 [Test worker] DEBUG org.springframework.test.context.support.AbstractContextLoader - Did not detect default resource location for test class [com.main.BabystepsApplicationTests]: class path resource [com/main/BabystepsApplicationTestsContext.groovy] does not exist
14:40:56.437 [Test worker] INFO org.springframework.test.context.support.AbstractContextLoader - Could not detect default resource locations for test class [com.main.BabystepsApplicationTests]: no resource found for suffixes {-context.xml, Context.groovy}.
14:40:56.438 [Test worker] INFO org.springframework.test.context.support.AnnotationConfigContextLoaderUtils - Could not detect default configuration classes for test class [com.main.BabystepsApplicationTests]: BabystepsApplicationTests does not declare any static, non-private, non-final, nested classes annotated with @Configuration.
14:40:56.480 [Test worker] DEBUG org.springframework.test.context.support.ActiveProfilesUtils - Could not find an 'annotation declaring class' for annotation type [org.springframework.test.context.ActiveProfiles] and class [com.main.BabystepsApplicationTests]
14:40:56.535 [Test worker] DEBUG org.springframework.context.annotation.ClassPathScanningCandidateComponentProvider - Identified candidate component class: file [C:\Users\SSAFY\IdeaProjects\S08P12A509\build\classes\java\main\com\main\BabystepsApplication.class]
14:40:56.539 [Test worker] INFO org.springframework.boot.test.context.SpringBootTestContextBootstrapper - Found @SpringBootConfiguration com.main.BabystepsApplication for test class com.main.BabystepsApplicationTests
14:40:56.635 [Test worker] DEBUG org.springframework.boot.test.context.SpringBootTestContextBootstrapper - @TestExecutionListeners is not present for class [com.main.BabystepsApplicationTests]: using defaults.
14:40:56.635 [Test worker] INFO org.springframework.boot.test.context.SpringBootTestContextBootstrapper - Loaded default TestExecutionListener class names from location [META-INF/spring.factories]: [org.springframework.boot.test.autoconfigure.restdocs.RestDocsTestExecutionListener, org.springframework.boot.test.autoconfigure.web.client.MockRestServiceServerResetTestExecutionListener, org.springframework.boot.test.autoconfigure.web.servlet.MockMvcPrintOnlyOnFailureTestExecutionListener, org.springframework.boot.test.autoconfigure.web.servlet.WebDriverTestExecutionListener, org.springframework.boot.test.autoconfigure.webservices.client.MockWebServiceServerTestExecutionListener, org.springframework.boot.test.mock.mockito.MockitoTestExecutionListener, org.springframework.boot.test.mock.mockito.ResetMocksTestExecutionListener, org.springframework.test.context.web.ServletTestExecutionListener, org.springframework.test.context.support.DirtiesContextBeforeModesTestExecutionListener, org.springframework.test.context.event.ApplicationEventsTestExecutionListener, org.springframework.test.context.support.DependencyInjectionTestExecutionListener, org.springframework.test.context.support.DirtiesContextTestExecutionListener, org.springframework.test.context.transaction.TransactionalTestExecutionListener, org.springframework.test.context.jdbc.SqlScriptsTestExecutionListener, org.springframework.test.context.event.EventPublishingTestExecutionListener]
14:40:56.653 [Test worker] INFO org.springframework.boot.test.context.SpringBootTestContextBootstrapper - Using TestExecutionListeners: [org.springframework.test.context.web.ServletTestExecutionListener@29a0cdb, org.springframework.test.context.support.DirtiesContextBeforeModesTestExecutionListener@32a68f4f, org.springframework.test.context.event.ApplicationEventsTestExecutionListener@73194df, org.springframework.boot.test.mock.mockito.MockitoTestExecutionListener@6eb2384f, org.springframework.boot.test.autoconfigure.SpringBootDependencyInjectionTestExecutionListener@3c9c0d96, org.springframework.test.context.support.DirtiesContextTestExecutionListener@3a4621bd, org.springframework.test.context.transaction.TransactionalTestExecutionListener@31dadd46, org.springframework.test.context.jdbc.SqlScriptsTestExecutionListener@4ed5eb72, org.springframework.test.context.event.EventPublishingTestExecutionListener@12f9af83, org.springframework.boot.test.autoconfigure.restdocs.RestDocsTestExecutionListener@19b93fa8, org.springframework.boot.test.autoconfigure.web.client.MockRestServiceServerResetTestExecutionListener@7e6ef134, org.springframework.boot.test.autoconfigure.web.servlet.MockMvcPrintOnlyOnFailureTestExecutionListener@1f010bf0, org.springframework.boot.test.autoconfigure.web.servlet.WebDriverTestExecutionListener@40db2a24, org.springframework.boot.test.autoconfigure.webservices.client.MockWebServiceServerTestExecutionListener@10cf09e8, org.springframework.boot.test.mock.mockito.ResetMocksTestExecutionListener@1921ad94]
14:40:56.657 [Test worker] DEBUG org.springframework.test.context.support.AbstractDirtiesContextTestExecutionListener - Before test class: context [DefaultTestContext@7d1cfb8b testClass = BabystepsApplicationTests, testInstance = [null], testMethod = [null], testException = [null], mergedContextConfiguration = [WebMergedContextConfiguration@48e92c5c testClass = BabystepsApplicationTests, locations = '{}', classes = '{class com.main.BabystepsApplication}', contextInitializerClasses = '[]', activeProfiles = '{}', propertySourceLocations = '{}', propertySourceProperties = '{org.springframework.boot.test.context.SpringBootTestContextBootstrapper=true}', contextCustomizers = set[org.springframework.boot.test.autoconfigure.actuate.metrics.MetricsExportContextCustomizerFactory$DisableMetricExportContextCustomizer@35841320, org.springframework.boot.test.autoconfigure.properties.PropertyMappingContextCustomizer@0, org.springframework.boot.test.autoconfigure.web.servlet.WebDriverContextCustomizerFactory$Customizer@6b695b06, org.springframework.boot.test.context.filter.ExcludeFilterContextCustomizer@6f01b95f, org.springframework.boot.test.json.DuplicateJsonObjectContextCustomizerFactory$DuplicateJsonObjectContextCustomizer@7a5ceedd, org.springframework.boot.test.mock.mockito.MockitoContextCustomizer@0, org.springframework.boot.test.web.client.TestRestTemplateContextCustomizer@26abb146, org.springframework.boot.test.context.SpringBootTestArgs@1, org.springframework.boot.test.context.SpringBootTestWebEnvironment@1184ab05], resourceBasePath = 'src/main/webapp', contextLoader = 'org.springframework.boot.test.context.SpringBootContextLoader', parent = [null]], attributes = map['org.springframework.test.context.web.ServletTestExecutionListener.activateListener' -> true]], class annotated with @DirtiesContext [false] with mode [null].

  .   ____          _            __ _ _
 /\\ / ___'_ __ _ _(_)_ __  __ _ \ \ \ \
( ( )\___ | '_ | '_| | '_ \/ _` | \ \ \ \
 \\/  ___)| |_)| | | | | || (_| |  ) ) ) )
  '  |____| .__|_| |_|_| |_\__, | / / / /
 =========|_|==============|___/=/_/_/_/
 :: Spring Boot ::                (v2.7.7)

2023-01-17 14:40:57.004  INFO 12340 --- [    Test worker] com.main.BabystepsApplicationTests       : Starting BabystepsApplicationTests using Java 1.8.0_192 on DESKTOP-DOGVPUB with PID 12340 (started by SSAFY in C:\Users\SSAFY\IdeaProjects\S08P12A509)
2023-01-17 14:40:57.005  INFO 12340 --- [    Test worker] com.main.BabystepsApplicationTests       : No active profile set, falling back to 1 default profile: "default"
2023-01-17 14:40:57.835  INFO 12340 --- [    Test worker] .s.d.r.c.RepositoryConfigurationDelegate : Bootstrapping Spring Data JPA repositories in DEFAULT mode.
2023-01-17 14:40:57.884  INFO 12340 --- [    Test worker] .s.d.r.c.RepositoryConfigurationDelegate : Finished Spring Data repository scanning in 41 ms. Found 1 JPA repository interfaces.
2023-01-17 14:40:58.473  INFO 12340 --- [    Test worker] com.zaxxer.hikari.HikariDataSource       : HikariPool-1 - Starting...
2023-01-17 14:40:59.339  INFO 12340 --- [    Test worker] com.zaxxer.hikari.HikariDataSource       : HikariPool-1 - Start completed.
2023-01-17 14:40:59.394  INFO 12340 --- [    Test worker] o.hibernate.jpa.internal.util.LogHelper  : HHH000204: Processing PersistenceUnitInfo [name: default]
2023-01-17 14:40:59.448  INFO 12340 --- [    Test worker] org.hibernate.Version                    : HHH000412: Hibernate ORM core version 5.6.14.Final
2023-01-17 14:40:59.636  INFO 12340 --- [    Test worker] o.hibernate.annotations.common.Version   : HCANN000001: Hibernate Commons Annotations {5.1.2.Final}
2023-01-17 14:40:59.764  INFO 12340 --- [    Test worker] org.hibernate.dialect.Dialect            : HHH000400: Using dialect: org.hibernate.dialect.MySQL5InnoDBDialect
2023-01-17 14:41:00.322  INFO 12340 --- [    Test worker] o.h.e.t.j.p.i.JtaPlatformInitiator       : HHH000490: Using JtaPlatform implementation: [org.hibernate.engine.transaction.jta.platform.internal.NoJtaPlatform]
2023-01-17 14:41:00.331  INFO 12340 --- [    Test worker] j.LocalContainerEntityManagerFactoryBean : Initialized JPA EntityManagerFactory for persistence unit 'default'
2023-01-17 14:41:01.271  WARN 12340 --- [    Test worker] JpaBaseConfiguration$JpaWebConfiguration : spring.jpa.open-in-view is enabled by default. Therefore, database queries may be performed during view rendering. Explicitly configure spring.jpa.open-in-view to disable this warning
2023-01-17 14:41:02.466  INFO 12340 --- [    Test worker] com.main.BabystepsApplicationTests       : Started BabystepsApplicationTests in 5.777 seconds (JVM running for 7.081)
]]></system-out>
  <system-err><![CDATA[]]></system-err>
</testsuite>
